{"/home/adamknight/code/datagraphs/datagraphs-client-js/lib/Api.js": {"path":"/home/adamknight/code/datagraphs/datagraphs-client-js/lib/Api.js","statementMap":{"0":{"start":{"line":1,"column":26},"end":{"line":1,"column":45}},"1":{"start":{"line":2,"column":14},"end":{"line":2,"column":35}},"2":{"start":{"line":3,"column":22},"end":{"line":3,"column":48}},"3":{"start":{"line":4,"column":26},"end":{"line":4,"column":48}},"4":{"start":{"line":5,"column":27},"end":{"line":5,"column":65}},"5":{"start":{"line":6,"column":20},"end":{"line":6,"column":43}},"6":{"start":{"line":7,"column":15},"end":{"line":7,"column":34}},"7":{"start":{"line":10,"column":2},"end":{"line":10,"column":75}},"8":{"start":{"line":10,"column":19},"end":{"line":10,"column":75}},"9":{"start":{"line":11,"column":2},"end":{"line":11,"column":67}},"10":{"start":{"line":11,"column":15},"end":{"line":11,"column":67}},"11":{"start":{"line":13,"column":24},"end":{"line":13,"column":77}},"12":{"start":{"line":15,"column":2},"end":{"line":15,"column":62}},"13":{"start":{"line":15,"column":36},"end":{"line":15,"column":61}},"14":{"start":{"line":17,"column":2},"end":{"line":21,"column":4}},"15":{"start":{"line":18,"column":16},"end":{"line":18,"column":44}},"16":{"start":{"line":19,"column":17},"end":{"line":19,"column":33}},"17":{"start":{"line":20,"column":4},"end":{"line":20,"column":16}},"18":{"start":{"line":23,"column":2},"end":{"line":24,"column":42}},"19":{"start":{"line":24,"column":4},"end":{"line":24,"column":41}},"20":{"start":{"line":26,"column":2},"end":{"line":31,"column":7}},"21":{"start":{"line":27,"column":4},"end":{"line":31,"column":6}},"22":{"start":{"line":33,"column":2},"end":{"line":34,"column":43}},"23":{"start":{"line":34,"column":4},"end":{"line":34,"column":42}},"24":{"start":{"line":36,"column":2},"end":{"line":41,"column":7}},"25":{"start":{"line":37,"column":4},"end":{"line":41,"column":6}},"26":{"start":{"line":43,"column":15},"end":{"line":54,"column":3}},"27":{"start":{"line":44,"column":16},"end":{"line":44,"column":34}},"28":{"start":{"line":45,"column":4},"end":{"line":45,"column":56}},"29":{"start":{"line":46,"column":27},"end":{"line":46,"column":61}},"30":{"start":{"line":47,"column":16},"end":{"line":51,"column":6}},"31":{"start":{"line":52,"column":4},"end":{"line":52,"column":29}},"32":{"start":{"line":53,"column":4},"end":{"line":53,"column":15}},"33":{"start":{"line":56,"column":19},"end":{"line":60,"column":3}},"34":{"start":{"line":57,"column":16},"end":{"line":57,"column":47}},"35":{"start":{"line":58,"column":4},"end":{"line":58,"column":24}},"36":{"start":{"line":58,"column":13},"end":{"line":58,"column":24}},"37":{"start":{"line":59,"column":4},"end":{"line":59,"column":49}},"38":{"start":{"line":62,"column":30},"end":{"line":70,"column":3}},"39":{"start":{"line":63,"column":24},"end":{"line":63,"column":74}},"40":{"start":{"line":64,"column":27},"end":{"line":67,"column":5}},"41":{"start":{"line":68,"column":4},"end":{"line":68,"column":76}},"42":{"start":{"line":68,"column":21},"end":{"line":68,"column":76}},"43":{"start":{"line":69,"column":4},"end":{"line":69,"column":26}},"44":{"start":{"line":73,"column":0},"end":{"line":73,"column":31}}},"fnMap":{"0":{"name":"API","decl":{"start":{"line":9,"column":9},"end":{"line":9,"column":12}},"loc":{"start":{"line":9,"column":66},"end":{"line":71,"column":1}},"line":9},"1":{"name":"(anonymous_1)","decl":{"start":{"line":15,"column":13},"end":{"line":15,"column":14}},"loc":{"start":{"line":15,"column":36},"end":{"line":15,"column":61}},"line":15},"2":{"name":"(anonymous_2)","decl":{"start":{"line":17,"column":17},"end":{"line":17,"column":18}},"loc":{"start":{"line":17,"column":46},"end":{"line":21,"column":3}},"line":17},"3":{"name":"(anonymous_3)","decl":{"start":{"line":23,"column":14},"end":{"line":23,"column":15}},"loc":{"start":{"line":24,"column":4},"end":{"line":24,"column":41}},"line":24},"4":{"name":"(anonymous_4)","decl":{"start":{"line":26,"column":18},"end":{"line":26,"column":19}},"loc":{"start":{"line":27,"column":4},"end":{"line":31,"column":6}},"line":27},"5":{"name":"(anonymous_5)","decl":{"start":{"line":33,"column":15},"end":{"line":33,"column":16}},"loc":{"start":{"line":34,"column":4},"end":{"line":34,"column":42}},"line":34},"6":{"name":"(anonymous_6)","decl":{"start":{"line":36,"column":19},"end":{"line":36,"column":20}},"loc":{"start":{"line":37,"column":4},"end":{"line":41,"column":6}},"line":37},"7":{"name":"(anonymous_7)","decl":{"start":{"line":43,"column":15},"end":{"line":43,"column":16}},"loc":{"start":{"line":43,"column":72},"end":{"line":54,"column":3}},"line":43},"8":{"name":"(anonymous_8)","decl":{"start":{"line":56,"column":19},"end":{"line":56,"column":20}},"loc":{"start":{"line":56,"column":33},"end":{"line":60,"column":3}},"line":56},"9":{"name":"(anonymous_9)","decl":{"start":{"line":62,"column":30},"end":{"line":62,"column":31}},"loc":{"start":{"line":62,"column":49},"end":{"line":70,"column":3}},"line":62}},"branchMap":{"0":{"loc":{"start":{"line":9,"column":13},"end":{"line":9,"column":64}},"type":"default-arg","locations":[{"start":{"line":9,"column":62},"end":{"line":9,"column":64}}],"line":9},"1":{"loc":{"start":{"line":10,"column":2},"end":{"line":10,"column":75}},"type":"if","locations":[{"start":{"line":10,"column":2},"end":{"line":10,"column":75}},{"start":{"line":10,"column":2},"end":{"line":10,"column":75}}],"line":10},"2":{"loc":{"start":{"line":11,"column":2},"end":{"line":11,"column":67}},"type":"if","locations":[{"start":{"line":11,"column":2},"end":{"line":11,"column":67}},{"start":{"line":11,"column":2},"end":{"line":11,"column":67}}],"line":11},"3":{"loc":{"start":{"line":15,"column":20},"end":{"line":15,"column":31}},"type":"default-arg","locations":[{"start":{"line":15,"column":29},"end":{"line":15,"column":31}}],"line":15},"4":{"loc":{"start":{"line":17,"column":30},"end":{"line":17,"column":41}},"type":"default-arg","locations":[{"start":{"line":17,"column":39},"end":{"line":17,"column":41}}],"line":17},"5":{"loc":{"start":{"line":23,"column":27},"end":{"line":23,"column":43}},"type":"default-arg","locations":[{"start":{"line":23,"column":41},"end":{"line":23,"column":43}}],"line":23},"6":{"loc":{"start":{"line":33,"column":28},"end":{"line":33,"column":44}},"type":"default-arg","locations":[{"start":{"line":33,"column":42},"end":{"line":33,"column":44}}],"line":33},"7":{"loc":{"start":{"line":43,"column":36},"end":{"line":43,"column":67}},"type":"default-arg","locations":[{"start":{"line":43,"column":65},"end":{"line":43,"column":67}}],"line":43},"8":{"loc":{"start":{"line":43,"column":44},"end":{"line":43,"column":56}},"type":"default-arg","locations":[{"start":{"line":43,"column":54},"end":{"line":43,"column":56}}],"line":43},"9":{"loc":{"start":{"line":58,"column":4},"end":{"line":58,"column":24}},"type":"if","locations":[{"start":{"line":58,"column":4},"end":{"line":58,"column":24}},{"start":{"line":58,"column":4},"end":{"line":58,"column":24}}],"line":58},"10":{"loc":{"start":{"line":63,"column":24},"end":{"line":63,"column":74}},"type":"binary-expr","locations":[{"start":{"line":63,"column":24},"end":{"line":63,"column":32}},{"start":{"line":63,"column":37},"end":{"line":63,"column":73}}],"line":63},"11":{"loc":{"start":{"line":68,"column":4},"end":{"line":68,"column":76}},"type":"if","locations":[{"start":{"line":68,"column":4},"end":{"line":68,"column":76}},{"start":{"line":68,"column":4},"end":{"line":68,"column":76}}],"line":68}},"s":{"0":1,"1":1,"2":1,"3":1,"4":1,"5":1,"6":1,"7":9,"8":1,"9":8,"10":1,"11":7,"12":7,"13":2,"14":7,"15":1,"16":1,"17":1,"18":7,"19":2,"20":7,"21":1,"22":7,"23":2,"24":7,"25":1,"26":7,"27":6,"28":6,"29":6,"30":6,"31":6,"32":6,"33":7,"34":6,"35":6,"36":5,"37":1,"38":7,"39":6,"40":6,"41":6,"42":0,"43":6,"44":1},"f":{"0":9,"1":2,"2":1,"3":2,"4":1,"5":2,"6":1,"7":6,"8":6,"9":6},"b":{"0":[0],"1":[1,8],"2":[1,7],"3":[0],"4":[1],"5":[1],"6":[1],"7":[0],"8":[4],"9":[5,1],"10":[6,0],"11":[0,6]},"_coverageSchema":"43e27e138ebf9cfc5966b082cf9a028302ed4184","hash":"3f175dd9fe349e8dae2a75ada57d8e9d4fa1317e"}
,"/home/adamknight/code/datagraphs/datagraphs-client-js/lib/Authenticator.js": {"path":"/home/adamknight/code/datagraphs/datagraphs-client-js/lib/Authenticator.js","statementMap":{"0":{"start":{"line":1,"column":31},"end":{"line":1,"column":50}},"1":{"start":{"line":2,"column":14},"end":{"line":2,"column":35}},"2":{"start":{"line":3,"column":26},"end":{"line":3,"column":48}},"3":{"start":{"line":9,"column":2},"end":{"line":14,"column":3}},"4":{"start":{"line":10,"column":4},"end":{"line":12,"column":5}},"5":{"start":{"line":11,"column":6},"end":{"line":11,"column":40}},"6":{"start":{"line":13,"column":4},"end":{"line":13,"column":23}},"7":{"start":{"line":16,"column":28},"end":{"line":35,"column":3}},"8":{"start":{"line":17,"column":21},"end":{"line":17,"column":56}},"9":{"start":{"line":18,"column":4},"end":{"line":18,"column":33}},"10":{"start":{"line":18,"column":17},"end":{"line":18,"column":33}},"11":{"start":{"line":20,"column":16},"end":{"line":20,"column":51}},"12":{"start":{"line":21,"column":16},"end":{"line":28,"column":6}},"13":{"start":{"line":29,"column":4},"end":{"line":29,"column":29}},"14":{"start":{"line":30,"column":17},"end":{"line":30,"column":33}},"15":{"start":{"line":31,"column":4},"end":{"line":33,"column":5}},"16":{"start":{"line":32,"column":6},"end":{"line":32,"column":49}},"17":{"start":{"line":34,"column":4},"end":{"line":34,"column":32}},"18":{"start":{"line":37,"column":28},"end":{"line":42,"column":3}},"19":{"start":{"line":38,"column":20},"end":{"line":38,"column":36}},"20":{"start":{"line":39,"column":19},"end":{"line":39,"column":45}},"21":{"start":{"line":40,"column":20},"end":{"line":40,"column":56}},"22":{"start":{"line":41,"column":4},"end":{"line":41,"column":19}},"23":{"start":{"line":44,"column":32},"end":{"line":50,"column":3}},"24":{"start":{"line":45,"column":18},"end":{"line":45,"column":35}},"25":{"start":{"line":46,"column":4},"end":{"line":46,"column":27}},"26":{"start":{"line":46,"column":15},"end":{"line":46,"column":27}},"27":{"start":{"line":47,"column":25},"end":{"line":47,"column":55}},"28":{"start":{"line":48,"column":16},"end":{"line":48,"column":36}},"29":{"start":{"line":49,"column":4},"end":{"line":49,"column":55}},"30":{"start":{"line":54,"column":0},"end":{"line":54,"column":41}}},"fnMap":{"0":{"name":"Authenticator","decl":{"start":{"line":5,"column":9},"end":{"line":5,"column":22}},"loc":{"start":{"line":5,"column":64},"end":{"line":52,"column":1}},"line":5},"1":{"name":"(anonymous_1)","decl":{"start":{"line":9,"column":24},"end":{"line":9,"column":25}},"loc":{"start":{"line":9,"column":65},"end":{"line":14,"column":3}},"line":9},"2":{"name":"(anonymous_2)","decl":{"start":{"line":16,"column":28},"end":{"line":16,"column":29}},"loc":{"start":{"line":16,"column":40},"end":{"line":35,"column":3}},"line":16},"3":{"name":"(anonymous_3)","decl":{"start":{"line":37,"column":28},"end":{"line":37,"column":29}},"loc":{"start":{"line":37,"column":43},"end":{"line":42,"column":3}},"line":37},"4":{"name":"(anonymous_4)","decl":{"start":{"line":44,"column":32},"end":{"line":44,"column":33}},"loc":{"start":{"line":44,"column":44},"end":{"line":50,"column":3}},"line":44}},"branchMap":{"0":{"loc":{"start":{"line":5,"column":23},"end":{"line":5,"column":62}},"type":"default-arg","locations":[{"start":{"line":5,"column":60},"end":{"line":5,"column":62}}],"line":5},"1":{"loc":{"start":{"line":9,"column":31},"end":{"line":9,"column":60}},"type":"default-arg","locations":[{"start":{"line":9,"column":58},"end":{"line":9,"column":60}}],"line":9},"2":{"loc":{"start":{"line":9,"column":33},"end":{"line":9,"column":53}},"type":"default-arg","locations":[{"start":{"line":9,"column":48},"end":{"line":9,"column":53}}],"line":9},"3":{"loc":{"start":{"line":10,"column":4},"end":{"line":12,"column":5}},"type":"if","locations":[{"start":{"line":10,"column":4},"end":{"line":12,"column":5}},{"start":{"line":10,"column":4},"end":{"line":12,"column":5}}],"line":10},"4":{"loc":{"start":{"line":10,"column":7},"end":{"line":10,"column":68}},"type":"binary-expr","locations":[{"start":{"line":10,"column":7},"end":{"line":10,"column":19}},{"start":{"line":10,"column":23},"end":{"line":10,"column":35}},{"start":{"line":10,"column":39},"end":{"line":10,"column":68}}],"line":10},"5":{"loc":{"start":{"line":18,"column":4},"end":{"line":18,"column":33}},"type":"if","locations":[{"start":{"line":18,"column":4},"end":{"line":18,"column":33}},{"start":{"line":18,"column":4},"end":{"line":18,"column":33}}],"line":18},"6":{"loc":{"start":{"line":31,"column":4},"end":{"line":33,"column":5}},"type":"if","locations":[{"start":{"line":31,"column":4},"end":{"line":33,"column":5}},{"start":{"line":31,"column":4},"end":{"line":33,"column":5}}],"line":31},"7":{"loc":{"start":{"line":46,"column":4},"end":{"line":46,"column":27}},"type":"if","locations":[{"start":{"line":46,"column":4},"end":{"line":46,"column":27}},{"start":{"line":46,"column":4},"end":{"line":46,"column":27}}],"line":46}},"s":{"0":2,"1":2,"2":2,"3":12,"4":9,"5":8,"6":9,"7":12,"8":8,"9":8,"10":0,"11":8,"12":8,"13":8,"14":8,"15":8,"16":0,"17":8,"18":12,"19":3,"20":3,"21":3,"22":3,"23":12,"24":3,"25":3,"26":0,"27":3,"28":3,"29":3,"30":2},"f":{"0":12,"1":9,"2":8,"3":3,"4":3},"b":{"0":[0],"1":[8],"2":[8],"3":[8,1],"4":[9,4,3],"5":[0,8],"6":[0,8],"7":[0,3]},"_coverageSchema":"43e27e138ebf9cfc5966b082cf9a028302ed4184","hash":"730bc1186164ce2f7356a863d3259b99a49dbbb6"}
,"/home/adamknight/code/datagraphs/datagraphs-client-js/lib/config.js": {"path":"/home/adamknight/code/datagraphs/datagraphs-client-js/lib/config.js","statementMap":{"0":{"start":{"line":1,"column":12},"end":{"line":4,"column":1}},"1":{"start":{"line":6,"column":13},"end":{"line":9,"column":1}},"2":{"start":{"line":11,"column":18},"end":{"line":14,"column":1}},"3":{"start":{"line":16,"column":15},"end":{"line":20,"column":1}},"4":{"start":{"line":22,"column":0},"end":{"line":22,"column":77}}},"fnMap":{},"branchMap":{"0":{"loc":{"start":{"line":22,"column":27},"end":{"line":22,"column":76}},"type":"binary-expr","locations":[{"start":{"line":22,"column":27},"end":{"line":22,"column":61}},{"start":{"line":22,"column":65},"end":{"line":22,"column":76}}],"line":22}},"s":{"0":2,"1":2,"2":2,"3":2,"4":2},"f":{},"b":{"0":[2,2]},"_coverageSchema":"43e27e138ebf9cfc5966b082cf9a028302ed4184","hash":"71f654a4c83e20d5203efa3deaa942c8742fa50d"}
,"/home/adamknight/code/datagraphs/datagraphs-client-js/lib/errors/ApiError.js": {"path":"/home/adamknight/code/datagraphs/datagraphs-client-js/lib/errors/ApiError.js","statementMap":{"0":{"start":{"line":1,"column":24},"end":{"line":1,"column":52}},"1":{"start":{"line":16,"column":4},"end":{"line":16,"column":56}},"2":{"start":{"line":17,"column":4},"end":{"line":17,"column":33}},"3":{"start":{"line":18,"column":4},"end":{"line":18,"column":33}},"4":{"start":{"line":19,"column":4},"end":{"line":19,"column":21}},"5":{"start":{"line":20,"column":4},"end":{"line":20,"column":21}},"6":{"start":{"line":21,"column":4},"end":{"line":21,"column":23}},"7":{"start":{"line":26,"column":0},"end":{"line":26,"column":36}}},"fnMap":{"0":{"name":"(anonymous_0)","decl":{"start":{"line":15,"column":2},"end":{"line":15,"column":3}},"loc":{"start":{"line":15,"column":65},"end":{"line":22,"column":3}},"line":15}},"branchMap":{"0":{"loc":{"start":{"line":15,"column":38},"end":{"line":15,"column":64}},"type":"default-arg","locations":[{"start":{"line":15,"column":62},"end":{"line":15,"column":64}}],"line":15},"1":{"loc":{"start":{"line":16,"column":41},"end":{"line":16,"column":52}},"type":"binary-expr","locations":[{"start":{"line":16,"column":41},"end":{"line":16,"column":46}},{"start":{"line":16,"column":50},"end":{"line":16,"column":52}}],"line":16}},"s":{"0":3,"1":2,"2":2,"3":2,"4":2,"5":2,"6":2,"7":3},"f":{"0":2},"b":{"0":[0],"1":[2,1]},"_coverageSchema":"43e27e138ebf9cfc5966b082cf9a028302ed4184","hash":"aec0b4ed58ed612ac4a4be18ce4042a9c5506bb6"}
,"/home/adamknight/code/datagraphs/datagraphs-client-js/lib/errors/ConfigurationError.js": {"path":"/home/adamknight/code/datagraphs/datagraphs-client-js/lib/errors/ConfigurationError.js","statementMap":{"0":{"start":{"line":1,"column":24},"end":{"line":1,"column":52}},"1":{"start":{"line":11,"column":4},"end":{"line":11,"column":19}},"2":{"start":{"line":16,"column":0},"end":{"line":16,"column":46}}},"fnMap":{"0":{"name":"(anonymous_0)","decl":{"start":{"line":10,"column":2},"end":{"line":10,"column":3}},"loc":{"start":{"line":10,"column":22},"end":{"line":12,"column":3}},"line":10}},"branchMap":{},"s":{"0":2,"1":4,"2":2},"f":{"0":4},"b":{},"_coverageSchema":"43e27e138ebf9cfc5966b082cf9a028302ed4184","hash":"f4a1f1cd1c06d453ac631ed1f739a1480f387d3b"}
,"/home/adamknight/code/datagraphs/datagraphs-client-js/lib/errors/DataGraphsError.js": {"path":"/home/adamknight/code/datagraphs/datagraphs-client-js/lib/errors/DataGraphsError.js","statementMap":{"0":{"start":{"line":10,"column":4},"end":{"line":10,"column":19}},"1":{"start":{"line":15,"column":0},"end":{"line":15,"column":43}}},"fnMap":{"0":{"name":"(anonymous_0)","decl":{"start":{"line":9,"column":2},"end":{"line":9,"column":3}},"loc":{"start":{"line":9,"column":22},"end":{"line":11,"column":3}},"line":9}},"branchMap":{},"s":{"0":8,"1":5},"f":{"0":8},"b":{},"_coverageSchema":"43e27e138ebf9cfc5966b082cf9a028302ed4184","hash":"7bc1637878d23d3d470f2ae300076a0e3e067dc8"}
,"/home/adamknight/code/datagraphs/datagraphs-client-js/lib/errors/InvalidUrnError.js": {"path":"/home/adamknight/code/datagraphs/datagraphs-client-js/lib/errors/InvalidUrnError.js","statementMap":{"0":{"start":{"line":1,"column":24},"end":{"line":1,"column":52}},"1":{"start":{"line":11,"column":4},"end":{"line":11,"column":19}},"2":{"start":{"line":16,"column":0},"end":{"line":16,"column":43}}},"fnMap":{"0":{"name":"(anonymous_0)","decl":{"start":{"line":10,"column":2},"end":{"line":10,"column":3}},"loc":{"start":{"line":10,"column":22},"end":{"line":12,"column":3}},"line":10}},"branchMap":{},"s":{"0":1,"1":2,"2":1},"f":{"0":2},"b":{},"_coverageSchema":"43e27e138ebf9cfc5966b082cf9a028302ed4184","hash":"a99bf23ee5e1e79002b1172b435ef19858bd77fa"}
,"/home/adamknight/code/datagraphs/datagraphs-client-js/lib/utils/api.js": {"path":"/home/adamknight/code/datagraphs/datagraphs-client-js/lib/utils/api.js","statementMap":{"0":{"start":{"line":1,"column":17},"end":{"line":1,"column":46}},"1":{"start":{"line":3,"column":22},"end":{"line":13,"column":1}},"2":{"start":{"line":4,"column":2},"end":{"line":12,"column":3}},"3":{"start":{"line":6,"column":4},"end":{"line":9,"column":5}},"4":{"start":{"line":7,"column":6},"end":{"line":7,"column":30}},"5":{"start":{"line":8,"column":6},"end":{"line":8,"column":35}},"6":{"start":{"line":10,"column":17},"end":{"line":10,"column":63}},"7":{"start":{"line":11,"column":4},"end":{"line":11,"column":74}},"8":{"start":{"line":15,"column":24},"end":{"line":18,"column":1}},"9":{"start":{"line":16,"column":22},"end":{"line":16,"column":53}},"10":{"start":{"line":17,"column":2},"end":{"line":17,"column":69}},"11":{"start":{"line":20,"column":0},"end":{"line":20,"column":45}}},"fnMap":{"0":{"name":"(anonymous_0)","decl":{"start":{"line":3,"column":22},"end":{"line":3,"column":23}},"loc":{"start":{"line":3,"column":35},"end":{"line":13,"column":1}},"line":3},"1":{"name":"(anonymous_1)","decl":{"start":{"line":15,"column":24},"end":{"line":15,"column":25}},"loc":{"start":{"line":15,"column":31},"end":{"line":18,"column":1}},"line":15}},"branchMap":{"0":{"loc":{"start":{"line":4,"column":2},"end":{"line":12,"column":3}},"type":"if","locations":[{"start":{"line":4,"column":2},"end":{"line":12,"column":3}},{"start":{"line":4,"column":2},"end":{"line":12,"column":3}}],"line":4},"1":{"loc":{"start":{"line":6,"column":4},"end":{"line":9,"column":5}},"type":"if","locations":[{"start":{"line":6,"column":4},"end":{"line":9,"column":5}},{"start":{"line":6,"column":4},"end":{"line":9,"column":5}}],"line":6},"2":{"loc":{"start":{"line":8,"column":14},"end":{"line":8,"column":34}},"type":"binary-expr","locations":[{"start":{"line":8,"column":14},"end":{"line":8,"column":18}},{"start":{"line":8,"column":22},"end":{"line":8,"column":34}}],"line":8},"3":{"loc":{"start":{"line":10,"column":17},"end":{"line":10,"column":63}},"type":"cond-expr","locations":[{"start":{"line":10,"column":24},"end":{"line":10,"column":44}},{"start":{"line":10,"column":47},"end":{"line":10,"column":63}}],"line":10},"4":{"loc":{"start":{"line":17,"column":9},"end":{"line":17,"column":68}},"type":"binary-expr","locations":[{"start":{"line":17,"column":9},"end":{"line":17,"column":20}},{"start":{"line":17,"column":24},"end":{"line":17,"column":68}}],"line":17}},"s":{"0":3,"1":3,"2":17,"3":2,"4":1,"5":1,"6":2,"7":2,"8":3,"9":2,"10":2,"11":3},"f":{"0":17,"1":2},"b":{"0":[2,15],"1":[1,1],"2":[1,1],"3":[1,1],"4":[2,2]},"_coverageSchema":"43e27e138ebf9cfc5966b082cf9a028302ed4184","hash":"53ffb2c17e18a41a17dadd8fe7c11c6da88e9396"}
,"/home/adamknight/code/datagraphs/datagraphs-client-js/lib/utils/arrays.js": {"path":"/home/adamknight/code/datagraphs/datagraphs-client-js/lib/utils/arrays.js","statementMap":{"0":{"start":{"line":1,"column":19},"end":{"line":5,"column":1}},"1":{"start":{"line":2,"column":2},"end":{"line":2,"column":31}},"2":{"start":{"line":2,"column":11},"end":{"line":2,"column":31}},"3":{"start":{"line":3,"column":2},"end":{"line":3,"column":36}},"4":{"start":{"line":3,"column":25},"end":{"line":3,"column":36}},"5":{"start":{"line":4,"column":2},"end":{"line":4,"column":15}},"6":{"start":{"line":7,"column":0},"end":{"line":9,"column":2}}},"fnMap":{"0":{"name":"(anonymous_0)","decl":{"start":{"line":1,"column":19},"end":{"line":1,"column":20}},"loc":{"start":{"line":1,"column":56},"end":{"line":5,"column":1}},"line":1}},"branchMap":{"0":{"loc":{"start":{"line":1,"column":25},"end":{"line":1,"column":51}},"type":"default-arg","locations":[{"start":{"line":1,"column":49},"end":{"line":1,"column":51}}],"line":1},"1":{"loc":{"start":{"line":1,"column":27},"end":{"line":1,"column":44}},"type":"default-arg","locations":[{"start":{"line":1,"column":42},"end":{"line":1,"column":44}}],"line":1},"2":{"loc":{"start":{"line":2,"column":2},"end":{"line":2,"column":31}},"type":"if","locations":[{"start":{"line":2,"column":2},"end":{"line":2,"column":31}},{"start":{"line":2,"column":2},"end":{"line":2,"column":31}}],"line":2},"3":{"loc":{"start":{"line":3,"column":2},"end":{"line":3,"column":36}},"type":"if","locations":[{"start":{"line":3,"column":2},"end":{"line":3,"column":36}},{"start":{"line":3,"column":2},"end":{"line":3,"column":36}}],"line":3}},"s":{"0":1,"1":4,"2":2,"3":2,"4":1,"5":1,"6":1},"f":{"0":4},"b":{"0":[3],"1":[3],"2":[2,2],"3":[1,1]},"_coverageSchema":"43e27e138ebf9cfc5966b082cf9a028302ed4184","hash":"7354d9eb6ecad19e8aec9227f8ff3f3770faddb9"}
,"/home/adamknight/code/datagraphs/datagraphs-client-js/lib/utils/credentials.js": {"path":"/home/adamknight/code/datagraphs/datagraphs-client-js/lib/utils/credentials.js","statementMap":{"0":{"start":{"line":1,"column":27},"end":{"line":1,"column":66}},"1":{"start":{"line":3,"column":25},"end":{"line":5,"column":1}},"2":{"start":{"line":4,"column":2},"end":{"line":4,"column":129}},"3":{"start":{"line":4,"column":33},"end":{"line":4,"column":129}},"4":{"start":{"line":7,"column":0},"end":{"line":7,"column":44}}},"fnMap":{"0":{"name":"(anonymous_0)","decl":{"start":{"line":3,"column":25},"end":{"line":3,"column":26}},"loc":{"start":{"line":3,"column":57},"end":{"line":5,"column":1}},"line":3}},"branchMap":{"0":{"loc":{"start":{"line":4,"column":2},"end":{"line":4,"column":129}},"type":"if","locations":[{"start":{"line":4,"column":2},"end":{"line":4,"column":129}},{"start":{"line":4,"column":2},"end":{"line":4,"column":129}}],"line":4},"1":{"loc":{"start":{"line":4,"column":5},"end":{"line":4,"column":31}},"type":"binary-expr","locations":[{"start":{"line":4,"column":5},"end":{"line":4,"column":14}},{"start":{"line":4,"column":18},"end":{"line":4,"column":31}}],"line":4}},"s":{"0":1,"1":1,"2":3,"3":2,"4":1},"f":{"0":3},"b":{"0":[2,1],"1":[3,2]},"_coverageSchema":"43e27e138ebf9cfc5966b082cf9a028302ed4184","hash":"667d5b81a0692248113db24a94a3defa39db3e30"}
,"/home/adamknight/code/datagraphs/datagraphs-client-js/lib/utils/ids.js": {"path":"/home/adamknight/code/datagraphs/datagraphs-client-js/lib/utils/ids.js","statementMap":{"0":{"start":{"line":1,"column":24},"end":{"line":1,"column":60}},"1":{"start":{"line":3,"column":23},"end":{"line":7,"column":1}},"2":{"start":{"line":4,"column":2},"end":{"line":4,"column":111}},"3":{"start":{"line":4,"column":31},"end":{"line":4,"column":111}},"4":{"start":{"line":5,"column":27},"end":{"line":5,"column":40}},"5":{"start":{"line":6,"column":2},"end":{"line":6,"column":26}},"6":{"start":{"line":9,"column":23},"end":{"line":13,"column":1}},"7":{"start":{"line":10,"column":2},"end":{"line":10,"column":127}},"8":{"start":{"line":10,"column":34},"end":{"line":10,"column":127}},"9":{"start":{"line":11,"column":37},"end":{"line":11,"column":50}},"10":{"start":{"line":12,"column":2},"end":{"line":12,"column":48}},"11":{"start":{"line":15,"column":14},"end":{"line":15,"column":41}},"12":{"start":{"line":15,"column":20},"end":{"line":15,"column":41}},"13":{"start":{"line":17,"column":0},"end":{"line":21,"column":2}}},"fnMap":{"0":{"name":"(anonymous_0)","decl":{"start":{"line":3,"column":23},"end":{"line":3,"column":24}},"loc":{"start":{"line":3,"column":29},"end":{"line":7,"column":1}},"line":3},"1":{"name":"(anonymous_1)","decl":{"start":{"line":9,"column":23},"end":{"line":9,"column":24}},"loc":{"start":{"line":9,"column":29},"end":{"line":13,"column":1}},"line":9},"2":{"name":"(anonymous_2)","decl":{"start":{"line":15,"column":14},"end":{"line":15,"column":15}},"loc":{"start":{"line":15,"column":20},"end":{"line":15,"column":41}},"line":15}},"branchMap":{"0":{"loc":{"start":{"line":4,"column":2},"end":{"line":4,"column":111}},"type":"if","locations":[{"start":{"line":4,"column":2},"end":{"line":4,"column":111}},{"start":{"line":4,"column":2},"end":{"line":4,"column":111}}],"line":4},"1":{"loc":{"start":{"line":10,"column":2},"end":{"line":10,"column":127}},"type":"if","locations":[{"start":{"line":10,"column":2},"end":{"line":10,"column":127}},{"start":{"line":10,"column":2},"end":{"line":10,"column":127}}],"line":10}},"s":{"0":1,"1":1,"2":2,"3":1,"4":1,"5":1,"6":1,"7":3,"8":1,"9":2,"10":2,"11":1,"12":0,"13":1},"f":{"0":2,"1":3,"2":0},"b":{"0":[1,1],"1":[1,2]},"_coverageSchema":"43e27e138ebf9cfc5966b082cf9a028302ed4184","hash":"2b7d23cf108878aa51d3d8cff1403e25107e103d"}
}
