TN:
SF:/home/adamknight/code/datagraphs/datagraphs-client-js/lib/Api.js
FN:9,API
FN:15,(anonymous_1)
FN:17,(anonymous_2)
FN:23,(anonymous_3)
FN:26,(anonymous_4)
FN:33,(anonymous_5)
FN:36,(anonymous_6)
FN:43,(anonymous_7)
FN:56,(anonymous_8)
FN:62,(anonymous_9)
FNF:10
FNH:10
FNDA:9,API
FNDA:2,(anonymous_1)
FNDA:1,(anonymous_2)
FNDA:2,(anonymous_3)
FNDA:1,(anonymous_4)
FNDA:2,(anonymous_5)
FNDA:1,(anonymous_6)
FNDA:6,(anonymous_7)
FNDA:6,(anonymous_8)
FNDA:6,(anonymous_9)
DA:1,1
DA:2,1
DA:3,1
DA:4,1
DA:5,1
DA:6,1
DA:7,1
DA:10,9
DA:11,8
DA:13,7
DA:15,7
DA:17,7
DA:18,1
DA:19,1
DA:20,1
DA:23,7
DA:24,2
DA:26,7
DA:27,1
DA:33,7
DA:34,2
DA:36,7
DA:37,1
DA:43,7
DA:44,6
DA:45,6
DA:46,6
DA:47,6
DA:52,6
DA:53,6
DA:56,7
DA:57,6
DA:58,6
DA:59,1
DA:62,7
DA:63,6
DA:64,6
DA:68,6
DA:69,6
DA:73,1
LF:40
LH:40
BRDA:9,0,0,0
BRDA:10,1,0,1
BRDA:10,1,1,8
BRDA:11,2,0,1
BRDA:11,2,1,7
BRDA:15,3,0,0
BRDA:17,4,0,1
BRDA:23,5,0,1
BRDA:33,6,0,1
BRDA:43,7,0,0
BRDA:43,8,0,4
BRDA:58,9,0,5
BRDA:58,9,1,1
BRDA:63,10,0,6
BRDA:63,10,1,0
BRDA:68,11,0,0
BRDA:68,11,1,6
BRF:17
BRH:12
end_of_record
TN:
SF:/home/adamknight/code/datagraphs/datagraphs-client-js/lib/Authenticator.js
FN:5,Authenticator
FN:9,(anonymous_1)
FN:16,(anonymous_2)
FN:37,(anonymous_3)
FN:44,(anonymous_4)
FNF:5
FNH:5
FNDA:12,Authenticator
FNDA:9,(anonymous_1)
FNDA:8,(anonymous_2)
FNDA:3,(anonymous_3)
FNDA:3,(anonymous_4)
DA:1,2
DA:2,2
DA:3,2
DA:9,12
DA:10,9
DA:11,8
DA:13,9
DA:16,12
DA:17,8
DA:18,8
DA:20,8
DA:21,8
DA:29,8
DA:30,8
DA:31,8
DA:32,0
DA:34,8
DA:37,12
DA:38,3
DA:39,3
DA:40,3
DA:41,3
DA:44,12
DA:45,3
DA:46,3
DA:47,3
DA:48,3
DA:49,3
DA:54,2
LF:29
LH:28
BRDA:5,0,0,0
BRDA:9,1,0,8
BRDA:9,2,0,8
BRDA:10,3,0,8
BRDA:10,3,1,1
BRDA:10,4,0,9
BRDA:10,4,1,4
BRDA:10,4,2,3
BRDA:18,5,0,0
BRDA:18,5,1,8
BRDA:31,6,0,0
BRDA:31,6,1,8
BRDA:46,7,0,0
BRDA:46,7,1,3
BRF:14
BRH:10
end_of_record
TN:
SF:/home/adamknight/code/datagraphs/datagraphs-client-js/lib/config.js
FNF:0
FNH:0
DA:1,2
DA:6,2
DA:11,2
DA:16,2
DA:22,2
LF:5
LH:5
BRDA:22,0,0,2
BRDA:22,0,1,2
BRF:2
BRH:2
end_of_record
TN:
SF:/home/adamknight/code/datagraphs/datagraphs-client-js/lib/errors/ApiError.js
FN:15,(anonymous_0)
FNF:1
FNH:1
FNDA:2,(anonymous_0)
DA:1,3
DA:16,2
DA:17,2
DA:18,2
DA:19,2
DA:20,2
DA:21,2
DA:26,3
LF:8
LH:8
BRDA:15,0,0,0
BRDA:16,1,0,2
BRDA:16,1,1,1
BRF:3
BRH:2
end_of_record
TN:
SF:/home/adamknight/code/datagraphs/datagraphs-client-js/lib/errors/ConfigurationError.js
FN:10,(anonymous_0)
FNF:1
FNH:1
FNDA:4,(anonymous_0)
DA:1,2
DA:11,4
DA:16,2
LF:3
LH:3
BRF:0
BRH:0
end_of_record
TN:
SF:/home/adamknight/code/datagraphs/datagraphs-client-js/lib/errors/DataGraphsError.js
FN:9,(anonymous_0)
FNF:1
FNH:1
FNDA:8,(anonymous_0)
DA:10,8
DA:15,5
LF:2
LH:2
BRF:0
BRH:0
end_of_record
TN:
SF:/home/adamknight/code/datagraphs/datagraphs-client-js/lib/errors/InvalidUrnError.js
FN:10,(anonymous_0)
FNF:1
FNH:1
FNDA:2,(anonymous_0)
DA:1,1
DA:11,2
DA:16,1
LF:3
LH:3
BRF:0
BRH:0
end_of_record
TN:
SF:/home/adamknight/code/datagraphs/datagraphs-client-js/lib/utils/api.js
FN:3,(anonymous_0)
FN:15,(anonymous_1)
FNF:2
FNH:2
FNDA:17,(anonymous_0)
FNDA:2,(anonymous_1)
DA:1,3
DA:3,3
DA:4,17
DA:6,2
DA:7,1
DA:8,1
DA:10,2
DA:11,2
DA:15,3
DA:16,2
DA:17,2
DA:20,3
LF:12
LH:12
BRDA:4,0,0,2
BRDA:4,0,1,15
BRDA:6,1,0,1
BRDA:6,1,1,1
BRDA:8,2,0,1
BRDA:8,2,1,1
BRDA:10,3,0,1
BRDA:10,3,1,1
BRDA:17,4,0,2
BRDA:17,4,1,2
BRF:10
BRH:10
end_of_record
TN:
SF:/home/adamknight/code/datagraphs/datagraphs-client-js/lib/utils/arrays.js
FN:1,(anonymous_0)
FNF:1
FNH:1
FNDA:4,(anonymous_0)
DA:1,1
DA:2,4
DA:3,2
DA:4,1
DA:7,1
LF:5
LH:5
BRDA:1,0,0,3
BRDA:1,1,0,3
BRDA:2,2,0,2
BRDA:2,2,1,2
BRDA:3,3,0,1
BRDA:3,3,1,1
BRF:6
BRH:6
end_of_record
TN:
SF:/home/adamknight/code/datagraphs/datagraphs-client-js/lib/utils/credentials.js
FN:3,(anonymous_0)
FNF:1
FNH:1
FNDA:3,(anonymous_0)
DA:1,1
DA:3,1
DA:4,3
DA:7,1
LF:4
LH:4
BRDA:4,0,0,2
BRDA:4,0,1,1
BRDA:4,1,0,3
BRDA:4,1,1,2
BRF:4
BRH:4
end_of_record
TN:
SF:/home/adamknight/code/datagraphs/datagraphs-client-js/lib/utils/ids.js
FN:3,(anonymous_0)
FN:9,(anonymous_1)
FN:15,(anonymous_2)
FNF:3
FNH:2
FNDA:2,(anonymous_0)
FNDA:3,(anonymous_1)
FNDA:0,(anonymous_2)
DA:1,1
DA:3,1
DA:4,2
DA:5,1
DA:6,1
DA:9,1
DA:10,3
DA:11,2
DA:12,2
DA:15,1
DA:17,1
LF:11
LH:11
BRDA:4,0,0,1
BRDA:4,0,1,1
BRDA:10,1,0,1
BRDA:10,1,1,2
BRF:4
BRH:4
end_of_record
